2023-12-28 15:57:55.653+0000 INFO  Logging config in use: Embedded default config 'default-user-logs.xml'
2023-12-28 15:57:55.664+0000 INFO  Starting...
2023-12-28 15:57:57.479+0000 INFO  This instance is ServerId{b827ce7f} (b827ce7f-dd2f-4e22-90b3-98f999533361)
2023-12-28 15:57:59.020+0000 INFO  ======== Neo4j 5.15.0 ========
2023-12-28 15:58:03.291+0000 INFO  Bolt enabled on 0.0.0.0:7687.
2023-12-28 15:58:04.415+0000 INFO  HTTP enabled on 0.0.0.0:7474.
2023-12-28 15:58:04.418+0000 INFO  Remote interface available at http://localhost:7474/
2023-12-28 15:58:04.424+0000 INFO  id: BEF8DF86464E256AF4C8CB2B11DDB9F55D8CBD75491F00C500D197331FBC90E0
2023-12-28 15:58:04.426+0000 INFO  name: system
2023-12-28 15:58:04.429+0000 INFO  creationDate: 2023-12-28T15:58:00.337Z
2023-12-28 15:58:04.430+0000 INFO  Started.
2023-12-28 15:59:57.094+0000 WARN  [bolt-11] The client is unauthorized due to authentication failure.
2023-12-28 15:59:57.125+0000 WARN  [bolt-12] The client is unauthorized due to authentication failure.
2023-12-28 15:59:57.152+0000 WARN  [bolt-13] The client is unauthorized due to authentication failure.
2023-12-28 16:00:19.731+0000 WARN  [bolt-18] The client is unauthorized due to authentication failure.
2023-12-28 16:00:19.753+0000 WARN  [bolt-19] The client is unauthorized due to authentication failure.
2023-12-28 16:00:19.804+0000 WARN  [bolt-20] The client is unauthorized due to authentication failure.
2023-12-28 16:00:31.671+0000 WARN  [bolt-21] The client is unauthorized due to authentication failure.
2023-12-28 16:00:31.695+0000 WARN  [bolt-22] The client is unauthorized due to authentication failure.
2023-12-28 16:00:31.716+0000 WARN  [bolt-23] The client is unauthorized due to authentication failure.
2023-12-28 16:00:40.356+0000 WARN  [bolt-24] The client is unauthorized due to authentication failure.
2023-12-28 16:00:40.375+0000 WARN  [bolt-25] The client has provided incorrect authentication details too many times in a row.
2023-12-28 16:00:40.393+0000 WARN  [bolt-26] The client has provided incorrect authentication details too many times in a row.
2023-12-28 16:01:00.971+0000 INFO  Neo4j Server shutdown initiated by request
2023-12-28 16:01:00.973+0000 INFO  Stopping...
2023-12-28 16:01:06.816+0000 INFO  Stopped.
2023-12-29 23:56:45.246+0000 INFO  Logging config in use: Embedded default config 'default-user-logs.xml'
2023-12-29 23:56:45.260+0000 INFO  Starting...
2023-12-29 23:56:46.520+0000 INFO  This instance is ServerId{b827ce7f} (b827ce7f-dd2f-4e22-90b3-98f999533361)
2023-12-29 23:56:47.790+0000 INFO  ======== Neo4j 5.15.0 ========
2023-12-29 23:56:51.735+0000 INFO  Bolt enabled on 0.0.0.0:7687.
2023-12-29 23:56:52.789+0000 INFO  HTTP enabled on 0.0.0.0:7474.
2023-12-29 23:56:52.792+0000 INFO  Remote interface available at http://localhost:7474/
2023-12-29 23:56:52.798+0000 INFO  id: BEF8DF86464E256AF4C8CB2B11DDB9F55D8CBD75491F00C500D197331FBC90E0
2023-12-29 23:56:52.800+0000 INFO  name: system
2023-12-29 23:56:52.802+0000 INFO  creationDate: 2023-12-28T15:58:00.337Z
2023-12-29 23:56:52.804+0000 INFO  Started.
2023-12-29 23:57:41.798+0000 WARN  [bolt-12] The client is unauthorized due to authentication failure.
2023-12-29 23:57:41.822+0000 WARN  [bolt-13] The client is unauthorized due to authentication failure.
2023-12-29 23:57:41.841+0000 WARN  [bolt-14] The client is unauthorized due to authentication failure.
2023-12-29 23:57:59.045+0000 WARN  [bolt-15] The client is unauthorized due to authentication failure.
2023-12-29 23:57:59.067+0000 WARN  [bolt-16] The client is unauthorized due to authentication failure.
2023-12-29 23:57:59.088+0000 WARN  [bolt-17] The client is unauthorized due to authentication failure.
2023-12-29 23:59:27.813+0000 WARN  [bolt-29] The client is unauthorized due to authentication failure.
2023-12-29 23:59:27.830+0000 WARN  [bolt-30] The client has provided incorrect authentication details too many times in a row.
2023-12-30 00:03:50.688+0000 INFO  Neo4j Server shutdown initiated by request
2023-12-30 00:03:50.689+0000 INFO  Stopping...
2023-12-30 00:03:56.426+0000 INFO  Stopped.
2023-12-30 00:05:18.260+0000 INFO  Logging config in use: Embedded default config 'default-user-logs.xml'
2023-12-30 00:05:18.271+0000 INFO  Starting...
2023-12-30 00:05:19.402+0000 INFO  This instance is ServerId{b827ce7f} (b827ce7f-dd2f-4e22-90b3-98f999533361)
2023-12-30 00:05:20.205+0000 INFO  ======== Neo4j 5.15.0 ========
2023-12-30 00:05:23.613+0000 INFO  Bolt enabled on 0.0.0.0:7687.
2023-12-30 00:05:24.532+0000 INFO  HTTP enabled on 0.0.0.0:7474.
2023-12-30 00:05:24.534+0000 INFO  Remote interface available at http://localhost:7474/
2023-12-30 00:05:24.540+0000 INFO  id: BEF8DF86464E256AF4C8CB2B11DDB9F55D8CBD75491F00C500D197331FBC90E0
2023-12-30 00:05:24.542+0000 INFO  name: system
2023-12-30 00:05:24.543+0000 INFO  creationDate: 2023-12-28T15:58:00.337Z
2023-12-30 00:05:24.545+0000 INFO  Started.
2023-12-30 00:06:06.310+0000 WARN  [bolt-5] The client is unauthorized due to authentication failure.
2023-12-30 00:06:06.342+0000 WARN  [bolt-6] The client is unauthorized due to authentication failure.
2023-12-30 00:06:06.368+0000 WARN  [bolt-7] The client is unauthorized due to authentication failure.
2023-12-30 00:06:43.213+0000 WARN  [bolt-17] The client is unauthorized due to authentication failure.
2023-12-30 00:06:43.234+0000 WARN  [bolt-18] The client has provided incorrect authentication details too many times in a row.
2023-12-30 00:07:04.114+0000 WARN  [bolt-27] The client is unauthorized due to authentication failure.
2023-12-30 00:07:04.130+0000 WARN  [bolt-28] The client has provided incorrect authentication details too many times in a row.
2023-12-30 00:07:04.157+0000 WARN  [bolt-29] The client has provided incorrect authentication details too many times in a row.
2023-12-30 00:07:45.255+0000 WARN  [bolt-36] The client is unauthorized due to authentication failure.
2023-12-30 00:07:45.272+0000 WARN  [bolt-37] The client has provided incorrect authentication details too many times in a row.
2023-12-30 00:07:45.291+0000 WARN  [bolt-38] The client has provided incorrect authentication details too many times in a row.
2023-12-30 00:07:51.844+0000 WARN  [bolt-39] The client is unauthorized due to authentication failure.
2023-12-30 00:07:51.861+0000 WARN  [bolt-40] The client has provided incorrect authentication details too many times in a row.
2023-12-30 00:07:51.878+0000 WARN  [bolt-41] The client has provided incorrect authentication details too many times in a row.
2023-12-30 00:07:57.541+0000 WARN  [bolt-42] The client is unauthorized due to authentication failure.
2023-12-30 00:07:57.557+0000 WARN  [bolt-43] The client is unauthorized due to authentication failure.
2023-12-30 00:07:57.574+0000 WARN  [bolt-44] The client is unauthorized due to authentication failure.
2023-12-30 00:09:01.795+0000 WARN  [bolt-50] The client is unauthorized due to authentication failure.
2023-12-30 00:09:01.810+0000 WARN  [bolt-51] The client has provided incorrect authentication details too many times in a row.
2023-12-30 00:33:57.541+0000 INFO  Neo4j Server shutdown initiated by request
2023-12-30 00:33:57.542+0000 INFO  Stopping...
2023-12-30 14:30:48.051+0000 INFO  Logging config in use: Embedded default config 'default-user-logs.xml'
2023-12-30 14:30:48.064+0000 INFO  Starting...
2023-12-30 14:30:49.267+0000 INFO  This instance is ServerId{b827ce7f} (b827ce7f-dd2f-4e22-90b3-98f999533361)
2023-12-30 14:30:50.170+0000 INFO  ======== Neo4j 5.15.0 ========
2023-12-30 14:30:53.868+0000 INFO  Bolt enabled on 0.0.0.0:7687.
2023-12-30 14:30:54.760+0000 INFO  HTTP enabled on 0.0.0.0:7474.
2023-12-30 14:30:54.762+0000 INFO  Remote interface available at http://localhost:7474/
2023-12-30 14:30:54.768+0000 INFO  id: BEF8DF86464E256AF4C8CB2B11DDB9F55D8CBD75491F00C500D197331FBC90E0
2023-12-30 14:30:54.770+0000 INFO  name: system
2023-12-30 14:30:54.772+0000 INFO  creationDate: 2023-12-28T15:58:00.337Z
2023-12-30 14:30:54.774+0000 INFO  Started.
2023-12-30 18:18:33.904+0000 ERROR Client triggered an unexpected error [Neo.DatabaseError.General.UnknownError]: Lexical error at line 1, column 23.  Encountered: <EOF> after : "", reference 1fc775fb-8005-45e5-9a01-1b54ec4a842b.
2023-12-30 18:21:05.396+0000 ERROR Client triggered an unexpected error [Neo.DatabaseError.General.UnknownError]: Lexical error at line 1, column 23.  Encountered: <EOF> after : "", reference 30a7d2eb-e694-4c8d-91af-4906ec10f0eb.
2023-12-30 18:22:37.449+0000 ERROR Client triggered an unexpected error [Neo.DatabaseError.General.UnknownError]: Lexical error at line 2, column 39.  Encountered: <EOF> after : "", reference 11c71e39-ac6e-4cc7-8fcf-6fd12db1ee9f.
2024-01-03 16:38:39.269+0000 INFO  Logging config in use: Embedded default config 'default-user-logs.xml'
2024-01-03 16:38:39.279+0000 INFO  Starting...
2024-01-03 16:38:40.436+0000 INFO  This instance is ServerId{b827ce7f} (b827ce7f-dd2f-4e22-90b3-98f999533361)
2024-01-03 16:38:41.307+0000 INFO  ======== Neo4j 5.15.0 ========
2024-01-03 16:38:45.314+0000 INFO  Bolt enabled on 0.0.0.0:7687.
2024-01-03 16:38:46.242+0000 INFO  HTTP enabled on 0.0.0.0:7474.
2024-01-03 16:38:46.244+0000 INFO  Remote interface available at http://localhost:7474/
2024-01-03 16:38:46.251+0000 INFO  id: BEF8DF86464E256AF4C8CB2B11DDB9F55D8CBD75491F00C500D197331FBC90E0
2024-01-03 16:38:46.253+0000 INFO  name: system
2024-01-03 16:38:46.256+0000 INFO  creationDate: 2023-12-28T15:58:00.337Z
2024-01-03 16:38:46.257+0000 INFO  Started.
2024-01-03 20:55:31.442+0000 ERROR Client triggered an unexpected error [Neo.DatabaseError.General.UnknownError]: Lexical error at line 2, column 28.  Encountered: <EOF> after : "", reference c2bfc7db-ff5b-4c35-abd0-029cfebaafb3.
2024-01-04 00:39:22.679+0000 INFO  Neo4j Server shutdown initiated by request
2024-01-04 00:39:22.705+0000 INFO  Stopping...
2024-01-04 17:23:42.632+0000 INFO  Logging config in use: Embedded default config 'default-user-logs.xml'
2024-01-04 17:23:42.643+0000 INFO  Starting...
2024-01-04 17:23:43.906+0000 INFO  This instance is ServerId{b827ce7f} (b827ce7f-dd2f-4e22-90b3-98f999533361)
2024-01-04 17:23:44.796+0000 INFO  ======== Neo4j 5.15.0 ========
2024-01-04 17:23:48.556+0000 INFO  Bolt enabled on 0.0.0.0:7687.
2024-01-04 17:23:49.599+0000 INFO  HTTP enabled on 0.0.0.0:7474.
2024-01-04 17:23:49.601+0000 INFO  Remote interface available at http://localhost:7474/
2024-01-04 17:23:49.608+0000 INFO  id: BEF8DF86464E256AF4C8CB2B11DDB9F55D8CBD75491F00C500D197331FBC90E0
2024-01-04 17:23:49.610+0000 INFO  name: system
2024-01-04 17:23:49.612+0000 INFO  creationDate: 2023-12-28T15:58:00.337Z
2024-01-04 17:23:49.614+0000 INFO  Started.
2024-01-04 17:33:17.708+0000 INFO  Neo4j Server shutdown initiated by request
2024-01-04 17:33:17.716+0000 INFO  Stopping...
2024-01-04 17:33:24.283+0000 INFO  Stopped.
